<?xml version="1.0" encoding="utf-8"?><testsuites name="pytest tests"><testsuite name="pytest" errors="0" failures="0" skipped="0" tests="24" time="8.714" timestamp="2026-05-11T10:17:23.634702+00:00" hostname="agent-env-6ab8da4a-3861-4176-bb97-5101a8e8f477"><testcase classname="tests.test_auth" name="test_login_admin_success" time="0.492" /><testcase classname="tests.test_auth" name="test_login_invalid_credentials" time="0.321" /><testcase classname="tests.test_auth" name="test_me_without_token" time="0.129" /><testcase classname="tests.test_auth" name="test_me_with_bearer" time="0.161" /><testcase classname="tests.test_auth" name="test_events_no_auth_401" time="0.133" /><testcase classname="tests.test_auth" name="test_events_productor_full_list" time="0.188" /><testcase classname="tests.test_auth" name="test_create_tecnico_and_almacen" time="1.425" /><testcase classname="tests.test_auth" name="test_tecnico_sees_only_assigned" time="0.108" /><testcase classname="tests.test_auth" name="test_assign_tecnico_then_tecnico_sees_event" time="0.263" /><testcase classname="tests.test_auth" name="test_tecnico_cannot_create_event" time="0.105" /><testcase classname="tests.test_auth" name="test_tecnico_cannot_block_material" time="0.104" /><testcase classname="tests.test_auth" name="test_tecnico_can_export_assigned_event" time="0.166" /><testcase classname="tests.test_auth" name="test_tecnico_cannot_export_unassigned_event" time="0.103" /><testcase classname="tests.test_auth" name="test_tecnico_can_create_incident" time="0.296" /><testcase classname="tests.test_auth" name="test_almacen_can_block_material" time="1.450" /><testcase classname="tests.test_auth" name="test_almacen_cannot_edit_event_ficha" time="0.126" /><testcase classname="tests.test_auth" name="test_almacen_cannot_create_event" time="0.143" /><testcase classname="tests.test_auth" name="test_almacen_close_then_reopen" time="0.211" /><testcase classname="tests.test_auth" name="test_almacen_cannot_manage_users" time="0.142" /><testcase classname="tests.test_auth" name="test_forgot_password_returns_200" time="0.136" /><testcase classname="tests.test_auth" name="test_forgot_password_unknown_email_returns_200" time="0.114" /><testcase classname="tests.test_auth" name="test_change_password_wrong_old_fails" time="0.327" /><testcase classname="tests.test_auth" name="test_change_password_correct_then_revert" time="1.440" /><testcase classname="tests.test_auth" name="test_zz_cleanup_revert_assignments_and_delete_users" time="0.565" /></testsuite></testsuites>