<?xml version="1.0" encoding="utf-8"?><testsuites name="pytest tests"><testsuite name="pytest" errors="0" failures="0" skipped="0" tests="6" time="2.885" timestamp="2026-04-29T09:57:52.836414+00:00" hostname="agent-env-6ab8da4a-3861-4176-bb97-5101a8e8f477"><testcase classname="backend.tests.test_stock_eventos" name="test_stats_seeded" time="0.248" /><testcase classname="backend.tests.test_stock_eventos" name="test_materials_list_filter_search" time="0.159" /><testcase classname="backend.tests.test_stock_eventos" name="test_material_crud" time="0.281" /><testcase classname="backend.tests.test_stock_eventos" name="test_provider_crud" time="0.187" /><testcase classname="backend.tests.test_stock_eventos" name="test_event_full_flow" time="1.562" /><testcase classname="backend.tests.test_stock_eventos" name="test_material_blocked_cannot_delete" time="0.285" /></testsuite></testsuites>